<?xml version="1.0" encoding="UTF-8"?>
<testng-results ignored="0" total="1" passed="1" failed="0" skipped="0">
  <reporter-output>
  </reporter-output>
  <suite started-at="2024-05-02T12:41:56 IST" name="Default suite" finished-at="2024-05-02T12:42:42 IST" duration-ms="46048">
    <groups>
    </groups>
    <test started-at="2024-05-02T12:41:56 IST" name="Default test" finished-at="2024-05-02T12:42:42 IST" duration-ms="46048">
      <class name="come.virtusa.SDET.CapstoneScripts.WiFiCheck">
        <test-method is-config="true" signature="setup()[pri:0, instance:come.virtusa.SDET.CapstoneScripts.WiFiCheck@537f60bf]" started-at="2024-05-02T12:41:56 IST" name="setup" finished-at="2024-05-02T12:42:20 IST" duration-ms="24600" status="PASS">
          <reporter-output>
          </reporter-output>
        </test-method> <!-- setup -->
        <test-method signature="setupWifi()[pri:0, instance:come.virtusa.SDET.CapstoneScripts.WiFiCheck@537f60bf]" started-at="2024-05-02T12:42:20 IST" name="setupWifi" finished-at="2024-05-02T12:42:42 IST" duration-ms="21371" status="PASS">
          <reporter-output>
          </reporter-output>
        </test-method> <!-- setupWifi -->
      </class> <!-- come.virtusa.SDET.CapstoneScripts.WiFiCheck -->
    </test> <!-- Default test -->
  </suite> <!-- Default suite -->
</testng-results>
