<?xml version="1.0" encoding="UTF-8"?>
<robot generator="Robot 6.1 (Python 3.11.2 on win32)" generated="20230717 12:51:09.125" rpa="false" schemaversion="4">
<suite id="s1" name="Listbox" source="C:\Users\MANIKANTASOMALA\PycharmProjects\pythonProject3\mani\Listbox.robot">
<test id="s1-t1" name="listbox" line="9">
<kw name="Open Browser" library="SeleniumLibrary">
<arg>${url}</arg>
<arg>${browser}</arg>
<doc>Opens a new browser instance to the optional ``url``.</doc>
<msg timestamp="20230717 12:51:09.445" level="INFO">Opening browser 'chrome' to base url 'https://www.tutorialspoint.com/selenium/selenium_automation_practice.htm'.</msg>
<msg timestamp="20230717 12:51:09.456" level="INFO">Applicable driver not found; attempting to install with Selenium Manager (Beta)</msg>
<status status="PASS" starttime="20230717 12:51:09.445" endtime="20230717 12:51:29.128"/>
</kw>
<kw name="Maximize Browser Window" library="SeleniumLibrary">
<doc>Maximizes current browser window.</doc>
<status status="PASS" starttime="20230717 12:51:29.128" endtime="20230717 12:51:29.379"/>
</kw>
<kw name="Select From List By Label" library="SeleniumLibrary">
<arg>selenium_commands</arg>
<arg>Navigation Commands</arg>
<doc>Selects options from selection list ``locator`` by ``labels``.</doc>
<msg timestamp="20230717 12:51:29.382" level="INFO">Selecting options from selection list 'selenium_commands' by label Navigation Commands.</msg>
<status status="PASS" starttime="20230717 12:51:29.381" endtime="20230717 12:51:29.842"/>
</kw>
<kw name="Sleep" library="BuiltIn">
<arg>3</arg>
<doc>Pauses the test executed for the given time.</doc>
<msg timestamp="20230717 12:51:32.845" level="INFO">Slept 3 seconds</msg>
<status status="PASS" starttime="20230717 12:51:29.843" endtime="20230717 12:51:32.845"/>
</kw>
<kw name="Select From List By Index" library="SeleniumLibrary">
<arg>selenium_commands</arg>
<arg>4</arg>
<doc>Selects options from selection list ``locator`` by ``indexes``.</doc>
<msg timestamp="20230717 12:51:32.845" level="INFO">Selecting options from selection list 'selenium_commands' by index 4.</msg>
<status status="PASS" starttime="20230717 12:51:32.845" endtime="20230717 12:51:33.275"/>
</kw>
<kw name="Sleep" library="BuiltIn">
<arg>3</arg>
<doc>Pauses the test executed for the given time.</doc>
<msg timestamp="20230717 12:51:36.280" level="INFO">Slept 3 seconds</msg>
<status status="PASS" starttime="20230717 12:51:33.275" endtime="20230717 12:51:36.280"/>
</kw>
<kw name="Close Browser" library="SeleniumLibrary">
<doc>Closes the current browser.</doc>
<status status="PASS" starttime="20230717 12:51:36.280" endtime="20230717 12:51:39.662"/>
</kw>
<status status="PASS" starttime="20230717 12:51:09.445" endtime="20230717 12:51:39.662"/>
</test>
<status status="PASS" starttime="20230717 12:51:09.125" endtime="20230717 12:51:39.666"/>
</suite>
<statistics>
<total>
<stat pass="1" fail="0" skip="0">All Tests</stat>
</total>
<tag>
</tag>
<suite>
<stat pass="1" fail="0" skip="0" id="s1" name="Listbox">Listbox</stat>
</suite>
</statistics>
<errors>
</errors>
</robot>
