<?xml version="1.0" encoding="UTF-8"?>
<testng-results ignored="0" total="1" passed="1" failed="0" skipped="0">
  <reporter-output>
  </reporter-output>
  <suite started-at="2024-03-18T10:53:58 IST" name="Default suite" finished-at="2024-03-18T10:54:08 IST" duration-ms="9414">
    <groups>
    </groups>
    <test started-at="2024-03-18T10:53:58 IST" name="Default test" finished-at="2024-03-18T10:54:08 IST" duration-ms="9414">
      <class name="com.qa.packages.Tc_Negativelogin">
        <test-method is-config="true" signature="Mani()[pri:0, instance:com.qa.packages.Tc_Negativelogin@7161d8d1]" started-at="2024-03-18T10:53:55 IST" name="Mani" finished-at="2024-03-18T10:53:58 IST" duration-ms="3897" status="PASS">
          <reporter-output>
          </reporter-output>
        </test-method> <!-- Mani -->
        <test-method signature="negative()[pri:0, instance:com.qa.packages.Tc_Negativelogin@7161d8d1]" started-at="2024-03-18T10:53:59 IST" name="negative" finished-at="2024-03-18T10:54:08 IST" duration-ms="9380" status="PASS">
          <reporter-output>
          </reporter-output>
        </test-method> <!-- negative -->
        <test-method is-config="true" signature="teardown()[pri:0, instance:com.qa.packages.Tc_Negativelogin@7161d8d1]" started-at="2024-03-18T10:54:08 IST" name="teardown" finished-at="2024-03-18T10:54:09 IST" duration-ms="560" status="PASS">
          <reporter-output>
          </reporter-output>
        </test-method> <!-- teardown -->
      </class> <!-- com.qa.packages.Tc_Negativelogin -->
    </test> <!-- Default test -->
  </suite> <!-- Default suite -->
</testng-results>
